<?xml version="1.0" encoding="UTF-8" ?>
<testsuite tests="21" failures="0" name="by.academy.it.mysql.MyDaoTest" time="12.397" errors="0" skipped="0">
  <properties>
[...]
</properties>
  <testcase classname="by.academy.it.mysql.MyDaoTest" name="testAddExpenseWhenExpenseLessOrEqualsZero" time="1.62"/>
  <testcase classname="by.academy.it.mysql.MyDaoTest" name="testGetExpenseWhenNumEqualsZero" time="1.338"/>
  <testcase classname="by.academy.it.mysql.MyDaoTest" name="testAddReceiverWhenReceiverNumLessOrEqualsZero" time="0.37"/>
  <testcase classname="by.academy.it.mysql.MyDaoTest" name="testAddReceiverWhenReceiverNameUpTo30" time="0.445"/>
  <testcase classname="by.academy.it.mysql.MyDaoTest" name="testAddReceiverWhenReceiverNumIsNull" time="0.362"/>
  <testcase classname="by.academy.it.mysql.MyDaoTest" name="testAddReceiverWhenReceiverIsNull" time="0.389"/>
  <testcase classname="by.academy.it.mysql.MyDaoTest" name="testAddExpenseWhenExpenseNumIsNull" time="0.409"/>
  <testcase classname="by.academy.it.mysql.MyDaoTest" name="testGetExpenses" time="0.393"/>
  <testcase classname="by.academy.it.mysql.MyDaoTest" name="testGetExpenseWhenNumLessThanZero" time="0.701"/>
  <testcase classname="by.academy.it.mysql.MyDaoTest" name="testAddReceiverWhenReceiverIsTheSame" time="0.603"/>
  <testcase classname="by.academy.it.mysql.MyDaoTest" name="testAddExpenseWhenExpenseIsNull" time="0.516"/>
  <testcase classname="by.academy.it.mysql.MyDaoTest" name="testGetReceiverWhenNumEqualsZero" time="0.853"/>
  <testcase classname="by.academy.it.mysql.MyDaoTest" name="testGetReceiverWhenNumLessThanZero" time="0.706"/>
  <testcase classname="by.academy.it.mysql.MyDaoTest" name="testAddExpenseWhenExpenseIsTheSame" time="0.564"/>
  <testcase classname="by.academy.it.mysql.MyDaoTest" name="testGetReceiversFromEmptyTable" time="0.351"/>
  <testcase classname="by.academy.it.mysql.MyDaoTest" name="testGetExpenseWhenExpenseDoesNotExist" time="0.677"/>
  <testcase classname="by.academy.it.mysql.MyDaoTest" name="testGetReceiverWhenNoThatReceiver" time="0.687"/>
  <testcase classname="by.academy.it.mysql.MyDaoTest" name="testAddExpenseWhenValueLessZero" time="0.367"/>
  <testcase classname="by.academy.it.mysql.MyDaoTest" name="testAddExpenseWhenDateNonFormat" time="0.352"/>
  <testcase classname="by.academy.it.mysql.MyDaoTest" name="testGetReceiverInEmptyTable" time="0.377"/>
  <testcase classname="by.academy.it.mysql.MyDaoTest" name="testGetExpenseInEmptyTable" time="0.317"/>
</testsuite>